Wed Oct 12 07:47:08 BST 2011

Ending any existing VENUS queue manager instance
WebSphere MQ queue manager 'VENUS' ending.
WebSphere MQ queue manager 'VENUS' ended.
Deleting any existing VENUS queue manager instance
WebSphere MQ queue manager 'VENUS' deleted.
Creating VENUS queue manager
WebSphere MQ queue manager created.
Directory '/var/mqm/qmgrs/VENUS' created.
The queue manager is associated with installation 'Installation1'.
Creating or replacing default objects for queue manager 'VENUS'.
Default objects statistics : 71 created. 0 replaced. 0 failed.
Completing setup.
Setup completed.
Starting VENUS queue manager
WebSphere MQ queue manager 'VENUS' starting.
The queue manager is associated with installation 'Installation1'.
5 log records accessed on queue manager 'VENUS' during the log replay phase.
Log replay for queue manager 'VENUS' complete.
Transaction manager state recovered for queue manager 'VENUS'.
WebSphere MQ queue manager 'VENUS' started using V7.1.0.0.
Building VENUS QMgr objects
5724-H72 (C) Copyright IBM Corp. 1994, 2011.  ALL RIGHTS RESERVED.
Starting MQSC for queue manager VENUS.


       : * -----------------------------------------------------------
       : * build.ksh - Define VENUS objects
       : *
       : * 20110227 T.Rob - New script
       : *
       : * -----------------------------------------------------------
     1 : dis qmgr qmname
AMQ8408: Display Queue Manager details.
   QMNAME(VENUS)                        
       : 
       : * Queue Manager Name VENUS
       : 
       : *Local Queues for testing auths
       : 
     2 : DEFINE QLOCAL ('AUTHORIZED.LOCAL.QUEUE') +
       :        DESCR('For testing auths') +
       :        REPLACE
AMQ8006: WebSphere MQ queue created.
       : 
       : 
       : *  SVRCONN Definitions
       : 
     3 : DEFINE CHANNEL ('SYSTEM.ADMIN.SVRCONN') CHLTYPE(SVRCONN) +
       :        TRPTYPE(TCP) +
       :        MCAUSER('mqm') +
       :        REPLACE
AMQ8014: WebSphere MQ channel created.
       : 
       : *  Create TCP Listener on port 1414
     4 : DEFINE LISTENER(TCP.1414) TRPTYPE(TCP) +
       :        CONTROL(QMGR) +
       :        PORT(1414) +
       :        REPLACE
AMQ8626: WebSphere MQ listener created.
       : 
     5 : START LISTENER(TCP.1414)
AMQ8021: Request to start WebSphere MQ listener accepted.
       : 
       : *  Create Trigger Monitor Service
       : 
     6 : DEFINE SERVICE(RUNMQTRM) +
       :        CONTROL(QMGR) +
       :        SERVTYPE(SERVER) +
       :        STARTCMD('+MQ_INSTALL_PATH+bin/runmqtrm') +
       :        STARTARG('-m +QMNAME+ -q SYSTEM.DEFAULT.INITIATION.QUEUE') +
       :        STOPCMD('+MQ_INSTALL_PATH+bin/amqsstop') +
       :        STOPARG('-m +QMNAME+ -p +MQ_SERVER_PID+')  +
       :        REPLACE
AMQ8625: WebSphere MQ service created.
       : 
     7 : START  SERVICE(RUNMQTRM)
AMQ8733: Request to start Service accepted.
       : 
       : 	   
       : * -----------------------------------------------------------
       : * Standard QMgr alterations
       : * -----------------------------------------------------------
     8 : ALTER  QMGR DEADQ('VENUS.DEAD.LETTER.QUEUE') +
       :        FORCE
AMQ8005: WebSphere MQ queue manager changed.
       : 
     9 : DEFINE QLOCAL ('VENUS.DEAD.LETTER.QUEUE') +
       : 	   DESCR('Queue Manger Dead Letter Queue Do not delete ') +
       :        REPLACE
AMQ8006: WebSphere MQ queue created.
       : 
    10 : ALTER QMGR AUTHOREV(ENABLED)
AMQ8005: WebSphere MQ queue manager changed.
       : * -----------------------------------------------------------
       : * E N D   O F   S C R I P T
       : * -----------------------------------------------------------
10 MQSC commands read.
No commands have a syntax error.
All valid MQSC commands were processed.
